# JRE version: OpenJDK Runtime Environment (11.0.8+10) (build 11.0.8+10-b944.6842174)
# Java VM: OpenJDK 64-Bit Server VM (11.0.8+10-b944.6842174, mixed mode, tiered, compressed oops, g1 gc, windows-amd64)
Heap:
 garbage-first heap   total 98304K, used 42342K [0x00000000a1e00000, 0x0000000100000000)
  region size 1024K, 34 young (34816K), 1 survivors (1024K)
 Metaspace       used 16203K, capacity 16500K, committed 16768K, reserved 1064960K
  class space    used 1782K, capacity 1907K, committed 1920K, reserved 1048576K
GC Heap History (12 events):
Event: 1.422 GC heap before
{Heap before GC invocations=0 (full 0):
 garbage-first heap   total 98304K, used 6144K [0x00000000a1e00000, 0x0000000100000000)
  region size 1024K, 7 young (7168K), 0 survivors (0K)
 Metaspace       used 7386K, capacity 7513K, committed 7680K, reserved 1056768K
  class space    used 658K, capacity 714K, committed 768K, reserved 1048576K
}
Event: 1.473 GC heap after
{Heap after GC invocations=1 (full 0):
 garbage-first heap   total 98304K, used 1471K [0x00000000a1e00000, 0x0000000100000000)
  region size 1024K, 1 young (1024K), 1 survivors (1024K)
 Metaspace       used 7386K, capacity 7513K, committed 7680K, reserved 1056768K
  class space    used 658K, capacity 714K, committed 768K, reserved 1048576K
}
Event: 15.985 GC heap before
{Heap before GC invocations=1 (full 0):
 garbage-first heap   total 98304K, used 39359K [0x00000000a1e00000, 0x0000000100000000)
  region size 1024K, 33 young (33792K), 1 survivors (1024K)
 Metaspace       used 15606K, capacity 15879K, committed 16000K, reserved 1062912K
  class space    used 1771K, capacity 1873K, committed 1920K, reserved 1048576K
}
Event: 15.992 GC heap after
{Heap after GC invocations=2 (full 0):
 garbage-first heap   total 98304K, used 9203K [0x00000000a1e00000, 0x0000000100000000)
  region size 1024K, 5 young (5120K), 5 survivors (5120K)
 Metaspace       used 15606K, capacity 15879K, committed 16000K, reserved 1062912K
  class space    used 1771K, capacity 1873K, committed 1920K, reserved 1048576K
}
Event: 42.960 GC heap before
{Heap before GC invocations=2 (full 0):
 garbage-first heap   total 98304K, used 16371K [0x00000000a1e00000, 0x0000000100000000)
  region size 1024K, 12 young (12288K), 5 survivors (5120K)
 Metaspace       used 15867K, capacity 16173K, committed 16256K, reserved 1062912K
  class space    used 1781K, capacity 1906K, committed 1920K, reserved 1048576K
}
Event: 42.965 GC heap after
{Heap after GC invocations=3 (full 0):
 garbage-first heap   total 98304K, used 9786K [0x00000000a1e00000, 0x0000000100000000)
  region size 1024K, 1 young (1024K), 1 survivors (1024K)
 Metaspace       used 15867K, capacity 16173K, committed 16256K, reserved 1062912K
  class space    used 1781K, capacity 1906K, committed 1920K, reserved 1048576K
}
Event: 94.371 GC heap before
{Heap before GC invocations=3 (full 0):
 garbage-first heap   total 98304K, used 31290K [0x00000000a1e00000, 0x0000000100000000)
  region size 1024K, 22 young (22528K), 1 survivors (1024K)
 Metaspace       used 15961K, capacity 16238K, committed 16256K, reserved 1062912K
  class space    used 1781K, capacity 1906K, committed 1920K, reserved 1048576K
}
Event: 94.377 GC heap after
{Heap after GC invocations=4 (full 0):
 garbage-first heap   total 98304K, used 9510K [0x00000000a1e00000, 0x0000000100000000)
  region size 1024K, 1 young (1024K), 1 survivors (1024K)
 Metaspace       used 15961K, capacity 16238K, committed 16256K, reserved 1062912K
  class space    used 1781K, capacity 1906K, committed 1920K, reserved 1048576K
}
Event: 146.720 GC heap before
{Heap before GC invocations=4 (full 0):
 garbage-first heap   total 98304K, used 42278K [0x00000000a1e00000, 0x0000000100000000)
  region size 1024K, 33 young (33792K), 1 survivors (1024K)
 Metaspace       used 16044K, capacity 16372K, committed 16512K, reserved 1064960K
  class space    used 1782K, capacity 1907K, committed 1920K, reserved 1048576K
}
Event: 146.722 GC heap after
{Heap after GC invocations=5 (full 0):
 garbage-first heap   total 98304K, used 9544K [0x00000000a1e00000, 0x0000000100000000)
  region size 1024K, 1 young (1024K), 1 survivors (1024K)
 Metaspace       used 16044K, capacity 16372K, committed 16512K, reserved 1064960K
  class space    used 1782K, capacity 1907K, committed 1920K, reserved 1048576K
}
Event: 224.655 GC heap before
{Heap before GC invocations=5 (full 0):
 garbage-first heap   total 98304K, used 50504K [0x00000000a1e00000, 0x0000000100000000)
  region size 1024K, 41 young (41984K), 1 survivors (1024K)
 Metaspace       used 16132K, capacity 16436K, committed 16512K, reserved 1064960K
  class space    used 1782K, capacity 1907K, committed 1920K, reserved 1048576K
}
Event: 224.659 GC heap after
{Heap after GC invocations=6 (full 0):
 garbage-first heap   total 98304K, used 9574K [0x00000000a1e00000, 0x0000000100000000)
  region size 1024K, 1 young (1024K), 1 survivors (1024K)
 Metaspace       used 16132K, capacity 16436K, committed 16512K, reserved 1064960K
  class space    used 1782K, capacity 1907K, committed 1920K, reserved 1048576K
}

